[0m19:54:28.802486 [debug] [MainThread]: Sending event: {'category': 'dbt', 'action': 'invocation', 'label': 'start', 'context': [<snowplow_tracker.self_describing_json.SelfDescribingJson object at 0x000002B9425D5700>, <snowplow_tracker.self_describing_json.SelfDescribingJson object at 0x000002B942027560>, <snowplow_tracker.self_describing_json.SelfDescribingJson object at 0x000002B942024AA0>]}


============================== 19:54:28.812010 | 4bf353a4-846a-46b3-8543-d99b7eda037c ==============================
[0m19:54:28.812010 [info ] [MainThread]: Running with dbt=1.10.6
[0m19:54:28.813010 [debug] [MainThread]: running dbt with arguments {'printer_width': '80', 'indirect_selection': 'eager', 'log_cache_events': 'False', 'write_json': 'True', 'partial_parse': 'True', 'cache_selected_only': 'False', 'profiles_dir': 'C:\\Users\\swapn\\.dbt', 'fail_fast': 'False', 'version_check': 'True', 'log_path': 'logs', 'debug': 'False', 'warn_error': 'None', 'use_colors': 'True', 'use_experimental_parser': 'False', 'empty': 'None', 'quiet': 'False', 'no_print': 'None', 'warn_error_options': 'WarnErrorOptionsV2(error=[], warn=[], silence=[])', 'introspect': 'True', 'log_format': 'default', 'static_parser': 'True', 'target_path': 'None', 'invocation_command': 'dbt init netflix', 'send_anonymous_usage_stats': 'True'}
[0m19:54:28.871159 [info ] [MainThread]: Creating dbt configuration folder at C:\Users\swapn\.dbt
[0m19:54:28.880886 [debug] [MainThread]: Starter project path: C:\Users\swapn\anaconda3\Lib\site-packages\dbt\include\starter_project
[0m19:54:28.929929 [info ] [MainThread]: 
Your new dbt project "netflix" was created!

For more information on how to configure the profiles.yml file,
please consult the dbt documentation here:

  https://docs.getdbt.com/docs/configure-your-profile

One more thing:

Need help? Don't hesitate to reach out to us via GitHub issues or on Slack:

  https://community.getdbt.com/

Happy modeling!

[0m19:54:28.931549 [info ] [MainThread]: Setting up your profile.
[0m19:57:50.386562 [info ] [MainThread]: Profile netflix written to C:\Users\swapn\.dbt\profiles.yml using target's profile_template.yml and your supplied values. Run 'dbt debug' to validate the connection.
[0m19:57:50.387581 [debug] [MainThread]: Command `dbt init` succeeded at 19:57:50.387581 after 202.07 seconds
[0m19:57:50.387581 [debug] [MainThread]: Sending event: {'category': 'dbt', 'action': 'invocation', 'label': 'end', 'context': [<snowplow_tracker.self_describing_json.SelfDescribingJson object at 0x000002B93EC54F20>, <snowplow_tracker.self_describing_json.SelfDescribingJson object at 0x000002B95A6CC920>, <snowplow_tracker.self_describing_json.SelfDescribingJson object at 0x000002B941DC9160>]}
[0m19:57:50.389085 [debug] [MainThread]: Flushing usage events
[0m19:57:50.898821 [debug] [MainThread]: An error was encountered while trying to flush usage events
[0m20:16:45.039653 [debug] [MainThread]: Sending event: {'category': 'dbt', 'action': 'invocation', 'label': 'start', 'context': [<snowplow_tracker.self_describing_json.SelfDescribingJson object at 0x000002312DD769C0>, <snowplow_tracker.self_describing_json.SelfDescribingJson object at 0x000002312D7F1790>, <snowplow_tracker.self_describing_json.SelfDescribingJson object at 0x000002312D7F2780>]}


============================== 20:16:45.044170 | feaba9e5-3a1a-4196-b2c4-89b675b0795a ==============================
[0m20:16:45.044170 [info ] [MainThread]: Running with dbt=1.10.6
[0m20:16:45.045170 [debug] [MainThread]: running dbt with arguments {'printer_width': '80', 'indirect_selection': 'eager', 'write_json': 'True', 'log_cache_events': 'False', 'partial_parse': 'True', 'cache_selected_only': 'False', 'profiles_dir': 'C:\\Users\\swapn\\.dbt', 'version_check': 'True', 'warn_error': 'None', 'log_path': 'logs', 'fail_fast': 'False', 'debug': 'False', 'use_colors': 'True', 'use_experimental_parser': 'False', 'empty': 'False', 'quiet': 'False', 'no_print': 'None', 'log_format': 'default', 'invocation_command': 'dbt run', 'introspect': 'True', 'static_parser': 'True', 'target_path': 'None', 'warn_error_options': 'WarnErrorOptionsV2(error=[], warn=[], silence=[])', 'send_anonymous_usage_stats': 'True'}
[0m20:16:45.045170 [error] [MainThread]: Encountered an error:
Runtime Error
  No dbt_project.yml found at expected path D:\MLops\Github projects\DBT\dbt_project.yml
  Verify that each entry within packages.yml (and their transitive dependencies) contains a file named dbt_project.yml
  
[0m20:16:45.047170 [debug] [MainThread]: Command `dbt run` failed at 20:16:45.047170 after 0.31 seconds
[0m20:16:45.048169 [debug] [MainThread]: Sending event: {'category': 'dbt', 'action': 'invocation', 'label': 'end', 'context': [<snowplow_tracker.self_describing_json.SelfDescribingJson object at 0x000002312DB5BF80>, <snowplow_tracker.self_describing_json.SelfDescribingJson object at 0x000002312DD769C0>, <snowplow_tracker.self_describing_json.SelfDescribingJson object at 0x000002312D8373B0>]}
[0m20:16:45.048169 [debug] [MainThread]: Flushing usage events
[0m20:16:45.322187 [debug] [MainThread]: An error was encountered while trying to flush usage events
